<?xml version="1.0" encoding="UTF-8"?>
<!-- Generated by org.testng.reporters.JUnitReportReporter -->
<testsuite hostname="hp" failures="0" tests="2" name="TestNG.dependsonMethod" time="129.522" errors="0" timestamp="2024-08-28T16:06:29 IST" skipped="0">
  <testcase classname="TestNG.dependsonMethod" name="navigateToApp" time="10.127"/>
  <system-out/>
  <testcase classname="TestNG.dependsonMethod" name="loginToApp" time="119.395"/>
  <system-out/>
</testsuite> <!-- TestNG.dependsonMethod -->
