<?xml version="1.0" encoding="UTF-8"?>
<!-- Generated by org.testng.reporters.JUnitReportReporter -->
<testsuite hostname="hp" failures="0" tests="1" name="listenersPractice.TestClass" time="0.011" errors="0" timestamp="2024-08-29T16:40:00 IST" skipped="0">
  <testcase classname="listenersPractice.TestClass" name="Test" time="0.011"/>
  <system-out/>
</testsuite> <!-- listenersPractice.TestClass -->
