<?xml version="1.0" encoding="UTF-8"?>
<!-- Generated by org.testng.reporters.JUnitReportReporter -->
<testsuite hostname="hp" failures="0" tests="2" name="groupExecution.Test1" time="0.012" errors="0" timestamp="2024-08-26T19:54:31 IST" skipped="0">
  <testcase classname="groupExecution.Test1" name="test3" time="0.001"/>
  <system-out/>
  <testcase classname="groupExecution.Test1" name="test2" time="0.011"/>
  <system-out/>
</testsuite> <!-- groupExecution.Test1 -->
