<?xml version="1.0" encoding="UTF-8"?>
<!-- Generated by org.testng.reporters.JUnitReportReporter -->
<testsuite hostname="hp" failures="0" tests="3" name="TestNG.invocationcountTest" time="0.000" errors="0" timestamp="2024-08-28T16:06:29 IST" skipped="0">
  <testcase classname="TestNG.invocationcountTest" name="demo2" time="0.000"/>
  <system-out>
    <![CDATA[demo2]]>
  </system-out>
  <testcase classname="TestNG.invocationcountTest" name="demo1" time="0.000"/>
  <system-out>
    <![CDATA[demo1]]>
  </system-out>
  <testcase classname="TestNG.invocationcountTest" name="demo1" time="0.000"/>
  <system-out>
    <![CDATA[demo1]]>
  </system-out>
</testsuite> <!-- TestNG.invocationcountTest -->
