<?xml version="1.0" encoding="UTF-8"?>
<!-- Generated by org.testng.reporters.JUnitReportReporter -->
<testsuite hostname="hp" failures="0" tests="1" name="distributedParallel.Test6" time="0.007" errors="0" timestamp="2024-08-28T16:23:32 IST" skipped="0">
  <testcase classname="distributedParallel.Test6" name="demo2" time="0.007"/>
  <system-out/>
</testsuite> <!-- distributedParallel.Test6 -->
