<?xml version="1.0" encoding="UTF-8"?>
<!-- Generated by org.testng.reporters.JUnitReportReporter -->
<testsuite hostname="hp" failures="0" tests="2" name="distributedParallel.Test2" time="0.004" errors="0" timestamp="2024-08-28T16:23:32 IST" skipped="0">
  <testcase classname="distributedParallel.Test2" name="demo1" time="0.002"/>
  <system-out/>
  <testcase classname="distributedParallel.Test2" name="demo2" time="0.002"/>
  <system-out/>
</testsuite> <!-- distributedParallel.Test2 -->
