<?xml version="1.0" encoding="UTF-8"?>
<!-- Generated by org.testng.reporters.JUnitReportReporter -->
<testsuite hostname="hp" failures="0" tests="3" name="TestNG.DataProviders" time="0.010" errors="0" timestamp="2024-08-29T15:29:22 IST" skipped="0">
  <testcase classname="TestNG.DataProviders" name="bookTicketTest" time="0.007"/>
  <system-out/>
  <testcase classname="TestNG.DataProviders" name="bookTicketTest" time="0.002"/>
  <system-out/>
  <testcase classname="TestNG.DataProviders" name="bookTicketTest" time="0.001"/>
  <system-out/>
</testsuite> <!-- TestNG.DataProviders -->
