<?xml version="1.0" encoding="UTF-8"?>
<!-- Generated by org.testng.reporters.JUnitReportReporter -->
<testsuite hostname="hp" failures="0" tests="3" name="crossBrowser.Test2" time="45.693" errors="0" timestamp="2024-08-28T14:33:34 IST" skipped="0">
  <testcase classname="crossBrowser.Test2" name="primeVideoTest" time="8.249"/>
  <system-out/>
  <testcase classname="crossBrowser.Test2" name="primeVideoTest" time="14.746"/>
  <system-out/>
  <testcase classname="crossBrowser.Test2" name="primeVideoTest" time="22.698"/>
  <system-out/>
</testsuite> <!-- crossBrowser.Test2 -->
