<?xml version="1.0" encoding="UTF-8"?>
<!-- Generated by org.testng.reporters.JUnitReportReporter -->
<testsuite hostname="hp" failures="0" tests="3" name="crossBrowser.Test1" time="156.812" errors="0" timestamp="2024-08-28T14:33:34 IST" skipped="0">
  <testcase classname="crossBrowser.Test1" name="swiggyTest" time="65.544"/>
  <system-out/>
  <testcase classname="crossBrowser.Test1" name="swiggyTest" time="22.759"/>
  <system-out/>
  <testcase classname="crossBrowser.Test1" name="swiggyTest" time="68.509"/>
  <system-out/>
</testsuite> <!-- crossBrowser.Test1 -->
