<?xml version="1.0" encoding="UTF-8"?>
<!-- Generated by org.testng.reporters.JUnitReportReporter -->
<testsuite hostname="hp" failures="0" tests="6" name="TestNG.proritizeTest" time="0.006" errors="0" timestamp="2024-08-28T16:06:29 IST" skipped="0">
  <testcase classname="TestNG.proritizeTest" name="demo6" time="0.001"/>
  <system-out>
    <![CDATA[demo6]]>
  </system-out>
  <testcase classname="TestNG.proritizeTest" name="demo4" time="0.001"/>
  <system-out>
    <![CDATA[demo4]]>
  </system-out>
  <testcase classname="TestNG.proritizeTest" name="demo3" time="0.001"/>
  <system-out>
    <![CDATA[demo3]]>
  </system-out>
  <testcase classname="TestNG.proritizeTest" name="demo1" time="0.001"/>
  <system-out>
    <![CDATA[demo1]]>
  </system-out>
  <testcase classname="TestNG.proritizeTest" name="demo5" time="0.000"/>
  <system-out>
    <![CDATA[demo5]]>
  </system-out>
  <testcase classname="TestNG.proritizeTest" name="demo2" time="0.002"/>
  <system-out>
    <![CDATA[demo2]]>
  </system-out>
</testsuite> <!-- TestNG.proritizeTest -->
