<?xml version="1.0" encoding="UTF-8"?>
<!-- Generated by org.testng.reporters.JUnitReportReporter -->
<testsuite hostname="hp" failures="0" tests="2" name="TestNG.enabledTest" time="0.006" errors="0" timestamp="2024-08-28T16:06:29 IST" skipped="1">
  <testcase classname="TestNG.enabledTest" name="demo3" time="0.006"/>
  <system-out>
    <![CDATA[demo1]]>
  </system-out>
  <testcase classname="TestNG.enabledTest" name="demo2">
    <skipped/>
  </testcase> <!-- demo2 -->
  <system-out/>
</testsuite> <!-- TestNG.enabledTest -->
