<?xml version="1.0" encoding="UTF-8"?>
<!-- Generated by org.testng.reporters.JUnitReportReporter -->
<testsuite hostname="hp" failures="0" tests="1" name="TestNG.SampleTest" time="0.000" errors="0" timestamp="2024-08-28T16:06:29 IST" skipped="0">
  <testcase classname="TestNG.SampleTest" name="test0" time="0.000"/>
  <system-out>
    <![CDATA[Hello World]]>
  </system-out>
</testsuite> <!-- TestNG.SampleTest -->
