<?xml version="1.0" encoding="UTF-8"?>
<!-- Generated by org.testng.reporters.JUnitReportReporter -->
<testsuite hostname="hp" failures="0" tests="1" name="TestNG.TestClass" time="0.010" errors="0" timestamp="2024-08-26T15:33:18 IST" skipped="0">
  <testcase classname="TestNG.TestClass" name="Testm" time="0.010"/>
  <system-out/>
</testsuite> <!-- TestNG.TestClass -->
